<?xml version="1.0" encoding="UTF-8"?>
<testsuite xmlns:xsi="http://www.w3.org/2001/XMLSchema-instance" xsi:noNamespaceSchemaLocation="https://maven.apache.org/surefire/maven-surefire-plugin/xsd/surefire-test-report-3.0.xsd" version="3.0" name="com.assignment.AdditionControllerTest" time="0.983" tests="4" errors="0" skipped="0" failures="0">
  <properties>
[...]
</properties>
  <testcase name="testAdd" classname="com.assignment.AdditionControllerTest" time="0.904">
    <system-out><![CDATA[View Name: resultpage
Result: 15
]]></system-out>
  </testcase>
  <testcase name="testSubtract" classname="com.assignment.AdditionControllerTest" time="0.004">
    <system-out><![CDATA[View Name: resultpage
Result: 5
]]></system-out>
  </testcase>
  <testcase name="testDivide" classname="com.assignment.AdditionControllerTest" time="0.006">
    <system-out><![CDATA[View Name: resultpage
Result: 2
]]></system-out>
  </testcase>
  <testcase name="testMultiply" classname="com.assignment.AdditionControllerTest" time="0.006">
    <system-out><![CDATA[View Name: resultpage
Result: 50
]]></system-out>
  </testcase>
</testsuite>